Using pre-set license
Built from '6000.0/staging' branch; Version is '6000.0.36f1 (9fe3b5f71dbb) revision 10478517'; Using compiler version '193933523'; Build Type 'Release'
OS: 'Windows 11  (10.0.26100) 64bit Core' Language: 'pt' Physical Memory: 16004 MB
BatchMode: 1, IsHumanControllingUs: 0, StartBugReporterOnCrash: 0, Is64bit: 1, IsPro: 1

COMMAND LINE ARGUMENTS:
C:\Users\marid\OneDrive\Desktop\Unity Download\Editor\Unity.exe
-adb2
-batchMode
-noUpm
-name
AssetImportWorker1
-projectPath
C:/Users/marid/Documents/Documents/GitHub/Projet_Version_Pour_Moi - Copia/projet-2023-l3l1/Pause Cafe
-logFile
Logs/AssetImportWorker1.log
-srvPort
49200
-job-worker-count
5
-background-job-worker-count
8
-gc-helper-count
1
Successfully changed project path to: C:/Users/marid/Documents/Documents/GitHub/Projet_Version_Pour_Moi - Copia/projet-2023-l3l1/Pause Cafe
C:/Users/marid/Documents/Documents/GitHub/Projet_Version_Pour_Moi - Copia/projet-2023-l3l1/Pause Cafe
[UnityMemory] Configuration Parameters - Can be set up in boot.config
    "memorysetup-bucket-allocator-granularity=16"
    "memorysetup-bucket-allocator-bucket-count=8"
    "memorysetup-bucket-allocator-block-size=33554432"
    "memorysetup-bucket-allocator-block-count=8"
    "memorysetup-main-allocator-block-size=16777216"
    "memorysetup-thread-allocator-block-size=16777216"
    "memorysetup-gfx-main-allocator-block-size=16777216"
    "memorysetup-gfx-thread-allocator-block-size=16777216"
    "memorysetup-cache-allocator-block-size=4194304"
    "memorysetup-typetree-allocator-block-size=2097152"
    "memorysetup-profiler-bucket-allocator-granularity=16"
    "memorysetup-profiler-bucket-allocator-bucket-count=8"
    "memorysetup-profiler-bucket-allocator-block-size=33554432"
    "memorysetup-profiler-bucket-allocator-block-count=8"
    "memorysetup-profiler-allocator-block-size=16777216"
    "memorysetup-profiler-editor-allocator-block-size=1048576"
    "memorysetup-temp-allocator-size-main=16777216"
    "memorysetup-job-temp-allocator-block-size=2097152"
    "memorysetup-job-temp-allocator-block-size-background=1048576"
    "memorysetup-job-temp-allocator-reduction-small-platforms=262144"
    "memorysetup-allocator-temp-initial-block-size-main=262144"
    "memorysetup-allocator-temp-initial-block-size-worker=262144"
    "memorysetup-temp-allocator-size-background-worker=32768"
    "memorysetup-temp-allocator-size-job-worker=262144"
    "memorysetup-temp-allocator-size-preload-manager=33554432"
    "memorysetup-temp-allocator-size-nav-mesh-worker=65536"
    "memorysetup-temp-allocator-size-audio-worker=65536"
    "memorysetup-temp-allocator-size-cloud-worker=32768"
    "memorysetup-temp-allocator-size-gi-baking-worker=262144"
    "memorysetup-temp-allocator-size-gi-baking-worker=262144"
    "memorysetup-temp-allocator-size-gi-baking-worker=262144"
    "memorysetup-temp-allocator-size-gi-baking-worker=262144"
    "memorysetup-temp-allocator-size-gi-baking-worker=262144"
    "memorysetup-temp-allocator-size-gfx=262144"
Player connection [33820]  Target information:

Player connection [33820]  * "[IP] 192.168.1.188 [Port] 0 [Flags] 2 [Guid] 389923570 [EditorId] 389923570 [Version] 1048832 [Id] WindowsEditor(7,DESKTOP-J8DSNS7) [Debug] 1 [PackageName] WindowsEditor [ProjectName] Editor" 

Player connection [33820] Host joined multi-casting on [225.0.0.222:54997]...
Player connection [33820] Host joined alternative multi-casting on [225.0.0.222:34997]...
JobSystem: Creating JobQueue using job-worker-count value 5
Input System module state changed to: Initialized.
[Physics::Module] Initialized fallback backend.
[Physics::Module] Id: 0xdecafbad
Library Redirect Path: Library/
[Physics::Module] Selected backend.
[Physics::Module] Name: PhysX
[Physics::Module] Id: 0xf2b8ea05
[Physics::Module] SDK Version: 4.1.2
[Physics::Module] Integration Version: 1.0.0
[Physics::Module] Threading Mode: Multi-Threaded
Refreshing native plugins compatible for Editor in 28.48 ms, found 4 plugins.
Failed to load 'Assets/Plugins/SQLite.Interop.dll', expected x64 architecture, but was Unknown architecture. You must recompile your plugin for x64 architecture.
Preloading 2 native plugins for Editor in 6.67 ms.
Initialize engine version: 6000.0.36f1 (9fe3b5f71dbb)
[Subsystems] Discovering subsystems at path C:/Users/marid/OneDrive/Desktop/Unity Download/Editor/Data/Resources/UnitySubsystems
[Subsystems] Discovering subsystems at path C:/Users/marid/Documents/Documents/GitHub/Projet_Version_Pour_Moi - Copia/projet-2023-l3l1/Pause Cafe/Assets
GfxDevice: creating device client; kGfxThreadingModeNonThreaded
Direct3D:
    Version:  Direct3D 11.0 [level 11.1]
    Renderer: Intel(R) Iris(R) Xe Graphics (ID=0x46aa)
    Vendor:   Intel
    VRAM:     8002 MB
    Driver:   32.0.101.6078
Initialize mono
Mono path[0] = 'C:/Users/marid/OneDrive/Desktop/Unity Download/Editor/Data/Managed'
Mono path[1] = 'C:/Users/marid/OneDrive/Desktop/Unity Download/Editor/Data/MonoBleedingEdge/lib/mono/unityjit-win32'
Mono config path = 'C:/Users/marid/OneDrive/Desktop/Unity Download/Editor/Data/MonoBleedingEdge/etc'
Using monoOptions --debugger-agent=transport=dt_socket,embedding=1,server=y,suspend=n,address=127.0.0.1:56968
Begin MonoManager ReloadAssembly
Registering precompiled unity dll's ...
Register platform support module: C:/Users/marid/OneDrive/Desktop/Unity Download/Editor/Data/PlaybackEngines/WindowsStandaloneSupport/UnityEditor.WindowsStandalone.Extensions.dll
Registered in 0.011719 seconds.
- Loaded All Assemblies, in  1.603 seconds
Native extension for WindowsStandalone target not found
Mono: successfully reloaded assembly
- Finished resetting the current domain, in  1.724 seconds
Domain Reload Profiling: 3315ms
	BeginReloadAssembly (531ms)
		ExecutionOrderSort (0ms)
		DisableScriptedObjects (0ms)
		BackupInstance (0ms)
		ReleaseScriptingObjects (0ms)
		CreateAndSetChildDomain (3ms)
	RebuildCommonClasses (134ms)
	RebuildNativeTypeToScriptingClass (46ms)
	initialDomainReloadingComplete (174ms)
	LoadAllAssembliesAndSetupDomain (704ms)
		LoadAssemblies (522ms)
		RebuildTransferFunctionScriptingTraits (0ms)
		AnalyzeDomain (680ms)
			TypeCache.Refresh (673ms)
				TypeCache.ScanAssembly (616ms)
			BuildScriptInfoCaches (1ms)
			ResolveRequiredComponents (2ms)
	FinalizeReload (1725ms)
		ReleaseScriptCaches (0ms)
		RebuildScriptCaches (0ms)
		SetupLoadedEditorAssemblies (1530ms)
			LogAssemblyErrors (0ms)
			InitializePlatformSupportModulesInManaged (125ms)
			SetLoadedEditorAssemblies (19ms)
			BeforeProcessingInitializeOnLoad (274ms)
			ProcessInitializeOnLoadAttributes (852ms)
			ProcessInitializeOnLoadMethodAttributes (259ms)
			AfterProcessingInitializeOnLoad (0ms)
			EditorAssembliesLoaded (1ms)
		ExecutionOrderSort2 (0ms)
		AwakeInstancesAfterBackupRestoration (0ms)
========================================================================
Worker process is ready to serve import requests
Import Worker Mode flag is 0x00
Begin MonoManager ReloadAssembly
Symbol file LoadedFromMemory is not a mono symbol file
- Loaded All Assemblies, in  3.223 seconds
Refreshing native plugins compatible for Editor in 28.54 ms, found 4 plugins.
Native extension for WindowsStandalone target not found
Refreshing native plugins compatible for Editor in 31.48 ms, found 4 plugins.
Mono: successfully reloaded assembly
- Finished resetting the current domain, in  3.175 seconds
Domain Reload Profiling: 6383ms
	BeginReloadAssembly (573ms)
		ExecutionOrderSort (0ms)
		DisableScriptedObjects (17ms)
		BackupInstance (0ms)
		ReleaseScriptingObjects (0ms)
		CreateAndSetChildDomain (83ms)
	RebuildCommonClasses (149ms)
	RebuildNativeTypeToScriptingClass (44ms)
	initialDomainReloadingComplete (130ms)
	LoadAllAssembliesAndSetupDomain (2311ms)
		LoadAssemblies (1699ms)
		RebuildTransferFunctionScriptingTraits (0ms)
		AnalyzeDomain (984ms)
			TypeCache.Refresh (652ms)
				TypeCache.ScanAssembly (579ms)
			BuildScriptInfoCaches (275ms)
			ResolveRequiredComponents (43ms)
	FinalizeReload (3176ms)
		ReleaseScriptCaches (0ms)
		RebuildScriptCaches (0ms)
		SetupLoadedEditorAssemblies (2787ms)
			LogAssemblyErrors (0ms)
			InitializePlatformSupportModulesInManaged (7ms)
			SetLoadedEditorAssemblies (13ms)
			BeforeProcessingInitializeOnLoad (530ms)
			ProcessInitializeOnLoadAttributes (1470ms)
			ProcessInitializeOnLoadMethodAttributes (752ms)
			AfterProcessingInitializeOnLoad (14ms)
			EditorAssembliesLoaded (1ms)
		ExecutionOrderSort2 (0ms)
		AwakeInstancesAfterBackupRestoration (26ms)
Launched and connected shader compiler UnityShaderCompiler.exe after 0.08 seconds
Refreshing native plugins compatible for Editor in 31.06 ms, found 4 plugins.
Failed to load 'Assets/Plugins/SQLite.Interop.dll', expected x64 architecture, but was Unknown architecture. You must recompile your plugin for x64 architecture.
Preloading 2 native plugins for Editor in 2.99 ms.
Unloading 192 Unused Serialized files (Serialized files now loaded: 0)
Unloading 5234 unused Assets / (7.8 MB). Loaded Objects now: 5805.
Memory consumption went from 165.1 MB to 157.3 MB.
Total: 60.253300 ms (FindLiveObjects: 3.090200 ms CreateObjectMapping: 1.116100 ms MarkObjects: 43.678100 ms  DeleteObjects: 12.363600 ms)

========================================================================
Received Import Request.
  Time since last request: 324101.614057 seconds.
  path: Assets/Scenes/Map Generator.unity
  artifactKey: Guid(77d353b0d6ff1b6469588e6827a29f84) Importer(815301076,1909f56bfc062723c751e8b465ee728b)
Start importing Assets/Scenes/Map Generator.unity using Guid(77d353b0d6ff1b6469588e6827a29f84) Importer(815301076,1909f56bfc062723c751e8b465ee728b) (PreviewImporter) -> (artifact id: 'b446fcd1fc9f6982dc4d158522baa3c0') in 0.0214422 seconds
Number of updated asset objects reloaded before import = 0Number of asset objects unloaded after import = 0

========================================================================
Received Prepare
Begin MonoManager ReloadAssembly
Symbol file LoadedFromMemory is not a mono symbol file
- Loaded All Assemblies, in  3.321 seconds
Refreshing native plugins compatible for Editor in 29.27 ms, found 4 plugins.
Native extension for WindowsStandalone target not found
Mono: successfully reloaded assembly
- Finished resetting the current domain, in  4.464 seconds
Domain Reload Profiling: 7748ms
	BeginReloadAssembly (625ms)
		ExecutionOrderSort (0ms)
		DisableScriptedObjects (19ms)
		BackupInstance (0ms)
		ReleaseScriptingObjects (0ms)
		CreateAndSetChildDomain (149ms)
	RebuildCommonClasses (184ms)
	RebuildNativeTypeToScriptingClass (62ms)
	initialDomainReloadingComplete (151ms)
	LoadAllAssembliesAndSetupDomain (2260ms)
		LoadAssemblies (1770ms)
		RebuildTransferFunctionScriptingTraits (0ms)
		AnalyzeDomain (847ms)
			TypeCache.Refresh (48ms)
				TypeCache.ScanAssembly (6ms)
			BuildScriptInfoCaches (729ms)
			ResolveRequiredComponents (55ms)
	FinalizeReload (4467ms)
		ReleaseScriptCaches (0ms)
		RebuildScriptCaches (0ms)
		SetupLoadedEditorAssemblies (3863ms)
			LogAssemblyErrors (0ms)
			InitializePlatformSupportModulesInManaged (9ms)
			SetLoadedEditorAssemblies (21ms)
			BeforeProcessingInitializeOnLoad (614ms)
			ProcessInitializeOnLoadAttributes (2277ms)
			ProcessInitializeOnLoadMethodAttributes (916ms)
			AfterProcessingInitializeOnLoad (24ms)
			EditorAssembliesLoaded (2ms)
		ExecutionOrderSort2 (0ms)
		AwakeInstancesAfterBackupRestoration (40ms)
Refreshing native plugins compatible for Editor in 33.75 ms, found 4 plugins.
Failed to load 'Assets/Plugins/SQLite.Interop.dll', expected x64 architecture, but was Unknown architecture. You must recompile your plugin for x64 architecture.
Preloading 2 native plugins for Editor in 2.28 ms.
Unloading 44 Unused Serialized files (Serialized files now loaded: 0)
Unloading 5232 unused Assets / (7.6 MB). Loaded Objects now: 5809.
Memory consumption went from 131.6 MB to 123.9 MB.
Total: 62.252400 ms (FindLiveObjects: 3.843900 ms CreateObjectMapping: 1.807000 ms MarkObjects: 45.823800 ms  DeleteObjects: 10.771700 ms)

Prepare: number of updated asset objects reloaded= 0
========================================================================
Received Prepare
Begin MonoManager ReloadAssembly
Symbol file LoadedFromMemory is not a mono symbol file
- Loaded All Assemblies, in  2.122 seconds
Refreshing native plugins compatible for Editor in 44.33 ms, found 4 plugins.
Native extension for WindowsStandalone target not found
Mono: successfully reloaded assembly
- Finished resetting the current domain, in  8.568 seconds
Domain Reload Profiling: 10684ms
	BeginReloadAssembly (491ms)
		ExecutionOrderSort (0ms)
		DisableScriptedObjects (15ms)
		BackupInstance (0ms)
		ReleaseScriptingObjects (0ms)
		CreateAndSetChildDomain (117ms)
	RebuildCommonClasses (105ms)
	RebuildNativeTypeToScriptingClass (29ms)
	initialDomainReloadingComplete (91ms)
	LoadAllAssembliesAndSetupDomain (1398ms)
		LoadAssemblies (1020ms)
		RebuildTransferFunctionScriptingTraits (0ms)
		AnalyzeDomain (654ms)
			TypeCache.Refresh (21ms)
				TypeCache.ScanAssembly (0ms)
			BuildScriptInfoCaches (572ms)
			ResolveRequiredComponents (48ms)
	FinalizeReload (8570ms)
		ReleaseScriptCaches (0ms)
		RebuildScriptCaches (0ms)
		SetupLoadedEditorAssemblies (6628ms)
			LogAssemblyErrors (0ms)
			InitializePlatformSupportModulesInManaged (14ms)
			SetLoadedEditorAssemblies (27ms)
			BeforeProcessingInitializeOnLoad (552ms)
			ProcessInitializeOnLoadAttributes (4520ms)
			ProcessInitializeOnLoadMethodAttributes (1488ms)
			AfterProcessingInitializeOnLoad (26ms)
			EditorAssembliesLoaded (2ms)
		ExecutionOrderSort2 (0ms)
		AwakeInstancesAfterBackupRestoration (41ms)
Refreshing native plugins compatible for Editor in 39.06 ms, found 4 plugins.
Failed to load 'Assets/Plugins/SQLite.Interop.dll', expected x64 architecture, but was Unknown architecture. You must recompile your plugin for x64 architecture.
Preloading 2 native plugins for Editor in 1.70 ms.
Unloading 44 Unused Serialized files (Serialized files now loaded: 0)
Unloading 5232 unused Assets / (5.7 MB). Loaded Objects now: 5811.
Memory consumption went from 131.6 MB to 125.9 MB.
Total: 77.456800 ms (FindLiveObjects: 1.099600 ms CreateObjectMapping: 1.311600 ms MarkObjects: 50.822700 ms  DeleteObjects: 24.217000 ms)

Prepare: number of updated asset objects reloaded= 0
========================================================================
Received Prepare
Begin MonoManager ReloadAssembly
Symbol file LoadedFromMemory is not a mono symbol file
- Loaded All Assemblies, in  2.153 seconds
Refreshing native plugins compatible for Editor in 3007.94 ms, found 4 plugins.
Native extension for WindowsStandalone target not found
Mono: successfully reloaded assembly
- Finished resetting the current domain, in  9.459 seconds
Domain Reload Profiling: 11602ms
	BeginReloadAssembly (515ms)
		ExecutionOrderSort (0ms)
		DisableScriptedObjects (15ms)
		BackupInstance (0ms)
		ReleaseScriptingObjects (0ms)
		CreateAndSetChildDomain (145ms)
	RebuildCommonClasses (100ms)
	RebuildNativeTypeToScriptingClass (38ms)
	initialDomainReloadingComplete (84ms)
	LoadAllAssembliesAndSetupDomain (1404ms)
		LoadAssemblies (1056ms)
		RebuildTransferFunctionScriptingTraits (0ms)
		AnalyzeDomain (613ms)
			TypeCache.Refresh (28ms)
				TypeCache.ScanAssembly (0ms)
			BuildScriptInfoCaches (545ms)
			ResolveRequiredComponents (29ms)
	FinalizeReload (9461ms)
		ReleaseScriptCaches (0ms)
		RebuildScriptCaches (0ms)
		SetupLoadedEditorAssemblies (8046ms)
			LogAssemblyErrors (0ms)
			InitializePlatformSupportModulesInManaged (11ms)
			SetLoadedEditorAssemblies (28ms)
			BeforeProcessingInitializeOnLoad (1166ms)
			ProcessInitializeOnLoadAttributes (4330ms)
			ProcessInitializeOnLoadMethodAttributes (2387ms)
			AfterProcessingInitializeOnLoad (122ms)
			EditorAssembliesLoaded (2ms)
		ExecutionOrderSort2 (0ms)
		AwakeInstancesAfterBackupRestoration (35ms)
Refreshing native plugins compatible for Editor in 145.71 ms, found 4 plugins.
Failed to load 'Assets/Plugins/SQLite.Interop.dll', expected x64 architecture, but was Unknown architecture. You must recompile your plugin for x64 architecture.
Preloading 2 native plugins for Editor in 1.84 ms.
Unloading 44 Unused Serialized files (Serialized files now loaded: 0)
Unloading 5232 unused Assets / (4.8 MB). Loaded Objects now: 5813.
Memory consumption went from 131.6 MB to 126.8 MB.
Total: 227.441200 ms (FindLiveObjects: 5.977200 ms CreateObjectMapping: 8.532700 ms MarkObjects: 194.984100 ms  DeleteObjects: 17.941400 ms)

Prepare: number of updated asset objects reloaded= 0
